Using pre-set license
Built from '2020.3/staging' branch; Version is '2020.3.16f1 (049d6eca3c44) revision 302446'; Using compiler version '192528614'; Build Type 'Release'
OS: 'Windows 10 Home Single Language; OS build 19043.1165; Version 2009; 64bit' Language: 'es' Physical Memory: 12171 MB
BatchMode: 1, IsHumanControllingUs: 0, StartBugReporterOnCrash: 0, Is64bit: 1, IsPro: 0

 COMMAND LINE ARGUMENTS:
C:\Program Files\Unity\Hub\Editor\2020.3.16f1\Editor\Unity.exe
-adb2
-batchMode
-noUpm
-name
AssetImportWorker0
-projectPath
F:/UPN/2021-2/Videojuegos y Aplicaciones M贸viles/Proyectos en Git Hub/Semana 02/Examen_01_Videoj/Examen_01_Videojuegos
-logFile
Logs/AssetImportWorker0.log
-srvPort
49212
Successfully changed project path to: F:/UPN/2021-2/Videojuegos y Aplicaciones M贸viles/Proyectos en Git Hub/Semana 02/Examen_01_Videoj/Examen_01_Videojuegos
F:/UPN/2021-2/Videojuegos y Aplicaciones M贸viles/Proyectos en Git Hub/Semana 02/Examen_01_Videoj/Examen_01_Videojuegos
Using Asset Import Pipeline V2.
Refreshing native plugins compatible for Editor in 45.89 ms, found 3 plugins.
Preloading 0 native plugins for Editor in 0.00 ms.
Initialize engine version: 2020.3.16f1 (049d6eca3c44)
[Subsystems] Discovering subsystems at path C:/Program Files/Unity/Hub/Editor/2020.3.16f1/Editor/Data/Resources/UnitySubsystems
[Subsystems] Discovering subsystems at path F:/UPN/2021-2/Videojuegos y Aplicaciones M贸viles/Proyectos en Git Hub/Semana 02/Examen_01_Videoj/Examen_01_Videojuegos/Assets
GfxDevice: creating device client; threaded=0
Direct3D:
    Version:  Direct3D 11.0 [level 11.1]
    Renderer: NVIDIA GeForce GTX 1050 (ID=0x1c8d)
    Vendor:   
    VRAM:     4029 MB
    Driver:   23.21.13.8816
Initialize mono
Mono path[0] = 'C:/Program Files/Unity/Hub/Editor/2020.3.16f1/Editor/Data/Managed'
Mono path[1] = 'C:/Program Files/Unity/Hub/Editor/2020.3.16f1/Editor/Data/MonoBleedingEdge/lib/mono/unityjit'
Mono config path = 'C:/Program Files/Unity/Hub/Editor/2020.3.16f1/Editor/Data/MonoBleedingEdge/etc'
Using monoOptions --debugger-agent=transport=dt_socket,embedding=1,server=y,suspend=n,address=127.0.0.1:56128
Begin MonoManager ReloadAssembly
Registering precompiled unity dll's ...
Register platform support module: C:/Program Files/Unity/Hub/Editor/2020.3.16f1/Editor/Data/PlaybackEngines/WindowsStandaloneSupport/UnityEditor.WindowsStandalone.Extensions.dll
Registered in 0.002483 seconds.
Native extension for WindowsStandalone target not found
Refreshing native plugins compatible for Editor in 45.76 ms, found 3 plugins.
Preloading 0 native plugins for Editor in 0.00 ms.
Mono: successfully reloaded assembly
- Completed reload, in  2.099 seconds
Domain Reload Profiling:
	ReloadAssembly (2099ms)
		BeginReloadAssembly (66ms)
			ExecutionOrderSort (0ms)
			DisableScriptedObjects (0ms)
			BackupInstance (0ms)
			ReleaseScriptingObjects (0ms)
			CreateAndSetChildDomain (1ms)
		EndReloadAssembly (495ms)
			LoadAssemblies (64ms)
			RebuildTransferFunctionScriptingTraits (0ms)
			SetupTypeCache (180ms)
			ReleaseScriptCaches (0ms)
			RebuildScriptCaches (41ms)
			SetupLoadedEditorAssemblies (192ms)
				LogAssemblyErrors (0ms)
				InitializePlatformSupportModulesInManaged (4ms)
				SetLoadedEditorAssemblies (0ms)
				RefreshPlugins (46ms)
				BeforeProcessingInitializeOnLoad (16ms)
				ProcessInitializeOnLoadAttributes (93ms)
				ProcessInitializeOnLoadMethodAttributes (33ms)
				AfterProcessingInitializeOnLoad (0ms)
				EditorAssembliesLoaded (0ms)
			ExecutionOrderSort2 (0ms)
			AwakeInstancesAfterBackupRestoration (0ms)
Platform modules already initialized, skipping
Registering precompiled user dll's ...
Registered in 0.004068 seconds.
Begin MonoManager ReloadAssembly
Native extension for WindowsStandalone target not found
Refreshing native plugins compatible for Editor in 55.85 ms, found 3 plugins.
Preloading 0 native plugins for Editor in 0.00 ms.
Mono: successfully reloaded assembly
- Completed reload, in  1.661 seconds
Domain Reload Profiling:
	ReloadAssembly (1663ms)
		BeginReloadAssembly (169ms)
			ExecutionOrderSort (0ms)
			DisableScriptedObjects (5ms)
			BackupInstance (0ms)
			ReleaseScriptingObjects (0ms)
			CreateAndSetChildDomain (21ms)
		EndReloadAssembly (1422ms)
			LoadAssemblies (105ms)
			RebuildTransferFunctionScriptingTraits (0ms)
			SetupTypeCache (343ms)
			ReleaseScriptCaches (0ms)
			RebuildScriptCaches (57ms)
			SetupLoadedEditorAssemblies (770ms)
				LogAssemblyErrors (0ms)
				InitializePlatformSupportModulesInManaged (4ms)
				SetLoadedEditorAssemblies (0ms)
				RefreshPlugins (56ms)
				BeforeProcessingInitializeOnLoad (107ms)
				ProcessInitializeOnLoadAttributes (580ms)
				ProcessInitializeOnLoadMethodAttributes (15ms)
				AfterProcessingInitializeOnLoad (8ms)
				EditorAssembliesLoaded (0ms)
			ExecutionOrderSort2 (0ms)
			AwakeInstancesAfterBackupRestoration (8ms)
Platform modules already initialized, skipping
========================================================================
Worker process is ready to serve import requests
Launched and connected shader compiler UnityShaderCompiler.exe after 0.09 seconds
Refreshing native plugins compatible for Editor in 0.72 ms, found 3 plugins.
Preloading 0 native plugins for Editor in 0.00 ms.
Unloading 2091 Unused Serialized files (Serialized files now loaded: 0)
System memory in use before: 93.9 MB.
System memory in use after: 94.0 MB.

Unloading 28 unused Assets to reduce memory usage. Loaded Objects now: 2528.
Total: 4.080800 ms (FindLiveObjects: 0.221000 ms CreateObjectMapping: 0.079700 ms MarkObjects: 3.651800 ms  DeleteObjects: 0.126900 ms)

AssetImportParameters requested are different than current active one (requested -> active):
  custom:framework-win-MediaFoundation: 216162199b28c13a410421893ffa2e32 -> 
  custom:video-decoder-ogg-theora: a1e56fd34408186e4bbccfd4996cb3dc -> 
  custom:container-muxer-webm: aa71ff27fc2769a1b78a27578f13a17b -> 
  custom:container-demuxer-webm: 4f35f7cbe854078d1ac9338744f61a02 -> 
  custom:container-demuxer-ogg: 62fdf1f143b41e24485cea50d1cbac27 -> 
  custom:video-encoder-webm-vp8: eb34c28f22e8b96e1ab97ce403110664 -> 
  custom:video-decoder-webm-vp8: 9c59270c3fd7afecdb556c50c9e8de78 -> 
  custom:audio-decoder-ogg-vorbis: bf7c407c2cedff20999df2af8eb42d56 -> 
  custom:audio-encoder-webm-vorbis: bf7c407c2cedff20999df2af8eb42d56 -> 
========================================================================
Received Import Request.
  path: Assets
  artifactKey: Guid(00000000000000001000000000000000) Importer(815301076,1909f56bfc062723c751e8b465ee728b)
Start importing Assets using Guid(00000000000000001000000000000000) Importer(815301076,1909f56bfc062723c751e8b465ee728b)  -> (artifact id: '42d402b061de3733987d63b9cc3b64de') in 0.011201 seconds 
  Import took 0.036628 seconds .

========================================================================
Received Import Request.
  Time since last request: 17.439920 seconds.
  path: Assets/Script
  artifactKey: Guid(74ca4be52c2f8754abbd595bdf22e7ac) Importer(815301076,1909f56bfc062723c751e8b465ee728b)
Start importing Assets/Script using Guid(74ca4be52c2f8754abbd595bdf22e7ac) Importer(815301076,1909f56bfc062723c751e8b465ee728b)  -> (artifact id: '72bdc8d58128228019bb910df55da898') in 0.010432 seconds 
  Import took 0.014702 seconds .

========================================================================
Received Import Request.
  Time since last request: 16.050642 seconds.
  path: Assets/Scripts
  artifactKey: Guid(74ca4be52c2f8754abbd595bdf22e7ac) Importer(815301076,1909f56bfc062723c751e8b465ee728b)
Start importing Assets/Scripts using Guid(74ca4be52c2f8754abbd595bdf22e7ac) Importer(815301076,1909f56bfc062723c751e8b465ee728b)  -> (artifact id: 'c6684ee570c196c9273ea2649d2912d6') in 0.009703 seconds 
  Import took 0.028425 seconds .

========================================================================
Received Import Request.
  Time since last request: 6.017335 seconds.
  path: Assets/Sprites
  artifactKey: Guid(9115f6d418adc734ba261fd4cca77e37) Importer(815301076,1909f56bfc062723c751e8b465ee728b)
Start importing Assets/Sprites using Guid(9115f6d418adc734ba261fd4cca77e37) Importer(815301076,1909f56bfc062723c751e8b465ee728b)  -> (artifact id: '6ee72f57c23df2bd595258ff8c761882') in 0.009842 seconds 
  Import took 0.111196 seconds .

========================================================================
Received Import Request.
  Time since last request: 8.177362 seconds.
  path: Assets/Animations
  artifactKey: Guid(2f1f749a713bebb4392c5b4e03f3f8bf) Importer(815301076,1909f56bfc062723c751e8b465ee728b)
Start importing Assets/Animations using Guid(2f1f749a713bebb4392c5b4e03f3f8bf) Importer(815301076,1909f56bfc062723c751e8b465ee728b)  -> (artifact id: '0380113fba405217ce1d11e080f5dda8') in 0.010878 seconds 
  Import took 0.015569 seconds .

========================================================================
Received Import Request.
  Time since last request: 84.322543 seconds.
  path: Assets/Sprites/freeknight
  artifactKey: Guid(d3ab14b437baf3c4894632d416e078af) Importer(815301076,1909f56bfc062723c751e8b465ee728b)
Start importing Assets/Sprites/freeknight using Guid(d3ab14b437baf3c4894632d416e078af) Importer(815301076,1909f56bfc062723c751e8b465ee728b)  -> (artifact id: '3d1ff8509655121a570dca46917e8907') in 0.007109 seconds 
  Import took 0.012388 seconds .

========================================================================
Received Import Request.
  Time since last request: 1.770995 seconds.
  path: Assets/Sprites/freeknight/png
  artifactKey: Guid(04e92c067572ca34db235c41573f30fc) Importer(815301076,1909f56bfc062723c751e8b465ee728b)
Start importing Assets/Sprites/freeknight/png using Guid(04e92c067572ca34db235c41573f30fc) Importer(815301076,1909f56bfc062723c751e8b465ee728b)  -> (artifact id: '413be6a66eff173d1982c92935a6f0f5') in 0.008831 seconds 
  Import took 0.013994 seconds .

========================================================================
Received Import Request.
  Time since last request: 0.088410 seconds.
  path: Assets/Sprites/freeknight/png/Attack (1).png
  artifactKey: Guid(a49e24016f5d54f4a9ce56cd23490dc9) Importer(815301076,1909f56bfc062723c751e8b465ee728b)
Start importing Assets/Sprites/freeknight/png/Attack (1).png using Guid(a49e24016f5d54f4a9ce56cd23490dc9) Importer(815301076,1909f56bfc062723c751e8b465ee728b)  -> (artifact id: '3234fa62941c435cd9f898e3df4a20e2') in 0.140146 seconds 
  Import took 0.143912 seconds .

========================================================================
Received Import Request.
  Time since last request: 0.000362 seconds.
  path: Assets/Sprites/freeknight/png/Idle (8).png
  artifactKey: Guid(8c18cf123ee9dcf46950f871f054b16d) Importer(815301076,1909f56bfc062723c751e8b465ee728b)
Start importing Assets/Sprites/freeknight/png/Idle (8).png using Guid(8c18cf123ee9dcf46950f871f054b16d) Importer(815301076,1909f56bfc062723c751e8b465ee728b)  -> (artifact id: '77bdacad562b1acc4ec888326aa0bf21') in 0.024912 seconds 
  Import took 0.029364 seconds .

========================================================================
Received Import Request.
  Time since last request: 0.000357 seconds.
  path: Assets/Sprites/freeknight/png/Attack (6).png
  artifactKey: Guid(f0ad3f4a38634544f96682eac8e94cce) Importer(815301076,1909f56bfc062723c751e8b465ee728b)
Start importing Assets/Sprites/freeknight/png/Attack (6).png using Guid(f0ad3f4a38634544f96682eac8e94cce) Importer(815301076,1909f56bfc062723c751e8b465ee728b)  -> (artifact id: 'd7a4a9b5448e989c40ddf008f1ba97e9') in 0.023444 seconds 
  Import took 0.030628 seconds .

========================================================================
Received Import Request.
  Time since last request: 0.000349 seconds.
  path: Assets/Sprites/freeknight/png/Attack (7).png
  artifactKey: Guid(4ad42d54e3127e945b0f7997d914ce11) Importer(815301076,1909f56bfc062723c751e8b465ee728b)
Start importing Assets/Sprites/freeknight/png/Attack (7).png using Guid(4ad42d54e3127e945b0f7997d914ce11) Importer(815301076,1909f56bfc062723c751e8b465ee728b)  -> (artifact id: '2a35f1360dd3298248b77f7b445f6829') in 0.025847 seconds 
  Import took 0.031692 seconds .

========================================================================
Received Import Request.
  Time since last request: 0.000340 seconds.
  path: Assets/Sprites/freeknight/png/Idle (7).png
  artifactKey: Guid(d465f3e885d00db4982a5088f6026e17) Importer(815301076,1909f56bfc062723c751e8b465ee728b)
Start importing Assets/Sprites/freeknight/png/Idle (7).png using Guid(d465f3e885d00db4982a5088f6026e17) Importer(815301076,1909f56bfc062723c751e8b465ee728b)  -> (artifact id: 'fe9062d5362ebca0f118f68ddfb329f3') in 0.022585 seconds 
  Import took 0.027843 seconds .

========================================================================
Received Import Request.
  Time since last request: 0.000302 seconds.
  path: Assets/Sprites/freeknight/png/Jump (8).png
  artifactKey: Guid(5309c00cc77b0774fad4e15374222057) Importer(815301076,1909f56bfc062723c751e8b465ee728b)
Start importing Assets/Sprites/freeknight/png/Jump (8).png using Guid(5309c00cc77b0774fad4e15374222057) Importer(815301076,1909f56bfc062723c751e8b465ee728b)  -> (artifact id: 'e1296f61f7d1f7f7c8f42bb5709c1aca') in 0.022132 seconds 
  Import took 0.028407 seconds .

========================================================================
Received Import Request.
  Time since last request: 0.000296 seconds.
  path: Assets/Sprites/freeknight/png/Jump (10).png
  artifactKey: Guid(cba97e24acfaf5141bf552917ca9f154) Importer(815301076,1909f56bfc062723c751e8b465ee728b)
Start importing Assets/Sprites/freeknight/png/Jump (10).png using Guid(cba97e24acfaf5141bf552917ca9f154) Importer(815301076,1909f56bfc062723c751e8b465ee728b)  -> (artifact id: '127eb759dfd721e0b8a4ab97a199dcfa') in 0.019605 seconds 
  Import took 0.025415 seconds .

========================================================================
Received Import Request.
  Time since last request: 0.000281 seconds.
  path: Assets/Sprites/freeknight/png/Attack (2).png
  artifactKey: Guid(707d3fe353415cc479bdce935ec84269) Importer(815301076,1909f56bfc062723c751e8b465ee728b)
Start importing Assets/Sprites/freeknight/png/Attack (2).png using Guid(707d3fe353415cc479bdce935ec84269) Importer(815301076,1909f56bfc062723c751e8b465ee728b)  -> (artifact id: '2c1c993a6b00c67fdda1f030a71119f8') in 0.020530 seconds 
  Import took 0.025380 seconds .

========================================================================
Received Import Request.
  Time since last request: 0.000226 seconds.
  path: Assets/Sprites/freeknight/png/Attack (5).png
  artifactKey: Guid(b65a0d32f7b14fd4383c50ba1d53c6e7) Importer(815301076,1909f56bfc062723c751e8b465ee728b)
Start importing Assets/Sprites/freeknight/png/Attack (5).png using Guid(b65a0d32f7b14fd4383c50ba1d53c6e7) Importer(815301076,1909f56bfc062723c751e8b465ee728b)  -> (artifact id: 'ad2b15165f9079a09eb0549e93d04191') in 0.020046 seconds 
  Import took 0.024784 seconds .

========================================================================
Received Import Request.
  Time since last request: 0.000221 seconds.
  path: Assets/Sprites/freeknight/png/Attack (9).png
  artifactKey: Guid(51cccc273f77360478d3a7bf1575d52b) Importer(815301076,1909f56bfc062723c751e8b465ee728b)
Start importing Assets/Sprites/freeknight/png/Attack (9).png using Guid(51cccc273f77360478d3a7bf1575d52b) Importer(815301076,1909f56bfc062723c751e8b465ee728b)  -> (artifact id: '135cec6ea8cc2c24754adb68d67ff09e') in 0.019118 seconds 
  Import took 0.023254 seconds .

========================================================================
Received Import Request.
  Time since last request: 0.000301 seconds.
  path: Assets/Sprites/freeknight/png/Jump (4).png
  artifactKey: Guid(d6967d3d344307d40a05743b24f16188) Importer(815301076,1909f56bfc062723c751e8b465ee728b)
Start importing Assets/Sprites/freeknight/png/Jump (4).png using Guid(d6967d3d344307d40a05743b24f16188) Importer(815301076,1909f56bfc062723c751e8b465ee728b)  -> (artifact id: '9098ba075120ce1001ca8d120e47a1d6') in 0.025434 seconds 
  Import took 0.030971 seconds .

========================================================================
Received Import Request.
  Time since last request: 0.000316 seconds.
  path: Assets/Sprites/freeknight/png/Idle (5).png
  artifactKey: Guid(a2751a809f7a801429dbd2fa8930b880) Importer(815301076,1909f56bfc062723c751e8b465ee728b)
Start importing Assets/Sprites/freeknight/png/Idle (5).png using Guid(a2751a809f7a801429dbd2fa8930b880) Importer(815301076,1909f56bfc062723c751e8b465ee728b)  -> (artifact id: '1b132d50477abffc3ec5fb46a662a59a') in 0.021435 seconds 
  Import took 0.025557 seconds .

========================================================================
Received Import Request.
  Time since last request: 0.000205 seconds.
  path: Assets/Sprites/freeknight/png/JumpAttack (2).png
  artifactKey: Guid(d49afd00bc4c1c64bbf10ac73b28e964) Importer(815301076,1909f56bfc062723c751e8b465ee728b)
Start importing Assets/Sprites/freeknight/png/JumpAttack (2).png using Guid(d49afd00bc4c1c64bbf10ac73b28e964) Importer(815301076,1909f56bfc062723c751e8b465ee728b)  -> (artifact id: '0dcd0f4e2b3acf9521424f570cdacbab') in 0.018892 seconds 
  Import took 0.023831 seconds .

========================================================================
Received Import Request.
  Time since last request: 0.000287 seconds.
  path: Assets/Sprites/freeknight/png/Jump (3).png
  artifactKey: Guid(cef4edfb15467c446ad220f13cc72448) Importer(815301076,1909f56bfc062723c751e8b465ee728b)
Start importing Assets/Sprites/freeknight/png/Jump (3).png using Guid(cef4edfb15467c446ad220f13cc72448) Importer(815301076,1909f56bfc062723c751e8b465ee728b)  -> (artifact id: 'e4859c6b714ab796893d703a4b8f9a9c') in 0.019669 seconds 
  Import took 0.024764 seconds .

========================================================================
Received Import Request.
  Time since last request: 0.000295 seconds.
  path: Assets/Sprites/freeknight/png/Dead (2).png
  artifactKey: Guid(1a03dbdec9fa3ff4e800ecbbc11970d8) Importer(815301076,1909f56bfc062723c751e8b465ee728b)
Start importing Assets/Sprites/freeknight/png/Dead (2).png using Guid(1a03dbdec9fa3ff4e800ecbbc11970d8) Importer(815301076,1909f56bfc062723c751e8b465ee728b)  -> (artifact id: '41e5c9a44de76b4f078183d82366f0bf') in 0.024870 seconds 
  Import took 0.028903 seconds .

========================================================================
Received Import Request.
  Time since last request: 0.000209 seconds.
  path: Assets/Sprites/freeknight/png/Attack (3).png
  artifactKey: Guid(f155f776e0edf39448c85db06a6af614) Importer(815301076,1909f56bfc062723c751e8b465ee728b)
Start importing Assets/Sprites/freeknight/png/Attack (3).png using Guid(f155f776e0edf39448c85db06a6af614) Importer(815301076,1909f56bfc062723c751e8b465ee728b)  -> (artifact id: '255298e3556e90bd8c52663f3f07b9ac') in 0.020616 seconds 
  Import took 0.024765 seconds .

========================================================================
Received Import Request.
  Time since last request: 0.000352 seconds.
  path: Assets/Sprites/freeknight/png/Dead (10).png
  artifactKey: Guid(7e72e4c06dc3102499c44b9cb6cf401b) Importer(815301076,1909f56bfc062723c751e8b465ee728b)
Start importing Assets/Sprites/freeknight/png/Dead (10).png using Guid(7e72e4c06dc3102499c44b9cb6cf401b) Importer(815301076,1909f56bfc062723c751e8b465ee728b)  -> (artifact id: 'ea53e2b72596fa709aac45f89fc69228') in 0.020120 seconds 
  Import took 0.025000 seconds .

========================================================================
Received Import Request.
  Time since last request: 0.000260 seconds.
  path: Assets/Sprites/freeknight/png/JumpAttack (4).png
  artifactKey: Guid(42ee177924a7682439ebb681b16f3a50) Importer(815301076,1909f56bfc062723c751e8b465ee728b)
Start importing Assets/Sprites/freeknight/png/JumpAttack (4).png using Guid(42ee177924a7682439ebb681b16f3a50) Importer(815301076,1909f56bfc062723c751e8b465ee728b)  -> (artifact id: 'f6c149f8ca9bcfffd8aca9697469620f') in 0.019600 seconds 
  Import took 0.023847 seconds .

========================================================================
Received Import Request.
  Time since last request: 0.000275 seconds.
  path: Assets/Sprites/freeknight/png/Dead (4).png
  artifactKey: Guid(e5e49d37a129d6c4b9cf50d6f63a6a45) Importer(815301076,1909f56bfc062723c751e8b465ee728b)
Start importing Assets/Sprites/freeknight/png/Dead (4).png using Guid(e5e49d37a129d6c4b9cf50d6f63a6a45) Importer(815301076,1909f56bfc062723c751e8b465ee728b)  -> (artifact id: 'cbbbe07a35959cc3a23d9bc7b5ad0232') in 0.022018 seconds 
  Import took 0.026825 seconds .

========================================================================
Received Import Request.
  Time since last request: 0.000335 seconds.
  path: Assets/Sprites/freeknight/png/Idle (4).png
  artifactKey: Guid(ea00387376268b64bb2fdc356417c87f) Importer(815301076,1909f56bfc062723c751e8b465ee728b)
Start importing Assets/Sprites/freeknight/png/Idle (4).png using Guid(ea00387376268b64bb2fdc356417c87f) Importer(815301076,1909f56bfc062723c751e8b465ee728b)  -> (artifact id: '21e62d0501c7f341f4c65e7203d2775a') in 0.018632 seconds 
  Import took 0.023660 seconds .

========================================================================
Received Import Request.
  Time since last request: 0.000239 seconds.
  path: Assets/Sprites/freeknight/png/Attack (10).png
  artifactKey: Guid(bc985b9c689f4ec4b8d3f2bf8174996f) Importer(815301076,1909f56bfc062723c751e8b465ee728b)
Start importing Assets/Sprites/freeknight/png/Attack (10).png using Guid(bc985b9c689f4ec4b8d3f2bf8174996f) Importer(815301076,1909f56bfc062723c751e8b465ee728b)  -> (artifact id: 'e50737e4546b7562903045a13f113a9e') in 0.020570 seconds 
  Import took 0.024838 seconds .

========================================================================
Received Import Request.
  Time since last request: 0.000254 seconds.
  path: Assets/Sprites/freeknight/png/JumpAttack (7).png
  artifactKey: Guid(812658942fa3d7349a32264bb009d914) Importer(815301076,1909f56bfc062723c751e8b465ee728b)
Start importing Assets/Sprites/freeknight/png/JumpAttack (7).png using Guid(812658942fa3d7349a32264bb009d914) Importer(815301076,1909f56bfc062723c751e8b465ee728b)  -> (artifact id: 'cf18edccecd805dd1a95fa9aa7173ae9') in 0.019454 seconds 
  Import took 0.023577 seconds .

========================================================================
Received Import Request.
  Time since last request: 0.000278 seconds.
  path: Assets/Sprites/freeknight/png/Idle (1).png
  artifactKey: Guid(32d08618fed9ac7438e46174b95510c0) Importer(815301076,1909f56bfc062723c751e8b465ee728b)
Start importing Assets/Sprites/freeknight/png/Idle (1).png using Guid(32d08618fed9ac7438e46174b95510c0) Importer(815301076,1909f56bfc062723c751e8b465ee728b)  -> (artifact id: '70d12d477a313d9381e7ae06cdf97aac') in 0.020063 seconds 
  Import took 0.024959 seconds .

========================================================================
Received Import Request.
  Time since last request: 0.000203 seconds.
  path: Assets/Sprites/freeknight/png/JumpAttack (1).png
  artifactKey: Guid(c49f5705405721742b73b5cdb00eb358) Importer(815301076,1909f56bfc062723c751e8b465ee728b)
Start importing Assets/Sprites/freeknight/png/JumpAttack (1).png using Guid(c49f5705405721742b73b5cdb00eb358) Importer(815301076,1909f56bfc062723c751e8b465ee728b)  -> (artifact id: '391c8201a089f9eafe7e60269b3266fd') in 0.020251 seconds 
  Import took 0.024469 seconds .

========================================================================
Received Import Request.
  Time since last request: 0.000410 seconds.
  path: Assets/Sprites/freeknight/png/Dead (6).png
  artifactKey: Guid(1f95655dc2e10ae4190461ace7024238) Importer(815301076,1909f56bfc062723c751e8b465ee728b)
Start importing Assets/Sprites/freeknight/png/Dead (6).png using Guid(1f95655dc2e10ae4190461ace7024238) Importer(815301076,1909f56bfc062723c751e8b465ee728b)  -> (artifact id: '4beabaaaee384fe4c9a84db6adaef939') in 0.021863 seconds 
  Import took 0.027955 seconds .

========================================================================
Received Import Request.
  Time since last request: 0.000387 seconds.
  path: Assets/Sprites/freeknight/png/Attack (8).png
  artifactKey: Guid(7d35a0caf6d98474eafd4a736e59c82a) Importer(815301076,1909f56bfc062723c751e8b465ee728b)
Start importing Assets/Sprites/freeknight/png/Attack (8).png using Guid(7d35a0caf6d98474eafd4a736e59c82a) Importer(815301076,1909f56bfc062723c751e8b465ee728b)  -> (artifact id: 'a7fee0dd8def417bbfb3f9ef4f1472f8') in 0.021128 seconds 
  Import took 0.026300 seconds .

========================================================================
Received Import Request.
  Time since last request: 0.000271 seconds.
  path: Assets/Sprites/freeknight/png/JumpAttack (3).png
  artifactKey: Guid(9f6fcd9e4663a8e439e35250f6c9af09) Importer(815301076,1909f56bfc062723c751e8b465ee728b)
Start importing Assets/Sprites/freeknight/png/JumpAttack (3).png using Guid(9f6fcd9e4663a8e439e35250f6c9af09) Importer(815301076,1909f56bfc062723c751e8b465ee728b)  -> (artifact id: '6d99037c3abd1d124549d7f33b72fa15') in 0.019616 seconds 
  Import took 0.023901 seconds .

========================================================================
Received Import Request.
  Time since last request: 0.000225 seconds.
  path: Assets/Sprites/freeknight/png/Idle (3).png
  artifactKey: Guid(0b53e81786119704e9327df023ec1c81) Importer(815301076,1909f56bfc062723c751e8b465ee728b)
Start importing Assets/Sprites/freeknight/png/Idle (3).png using Guid(0b53e81786119704e9327df023ec1c81) Importer(815301076,1909f56bfc062723c751e8b465ee728b)  -> (artifact id: 'cd4c29b4a37d5762710eea2f79d312f7') in 0.018336 seconds 
  Import took 0.023284 seconds .

========================================================================
Received Import Request.
  Time since last request: 0.000251 seconds.
  path: Assets/Sprites/freeknight/png/Jump (5).png
  artifactKey: Guid(1a84470240f181e4380f0f7b6f5c11f9) Importer(815301076,1909f56bfc062723c751e8b465ee728b)
Start importing Assets/Sprites/freeknight/png/Jump (5).png using Guid(1a84470240f181e4380f0f7b6f5c11f9) Importer(815301076,1909f56bfc062723c751e8b465ee728b)  -> (artifact id: 'c6c02c3b03e0ab3e0db3232689a9f5df') in 0.017770 seconds 
  Import took 0.021572 seconds .

========================================================================
Received Import Request.
  Time since last request: 0.000284 seconds.
  path: Assets/Sprites/freeknight/png/Idle (9).png
  artifactKey: Guid(dbecff17af3d10a4c8ce18c78cb4d068) Importer(815301076,1909f56bfc062723c751e8b465ee728b)
Start importing Assets/Sprites/freeknight/png/Idle (9).png using Guid(dbecff17af3d10a4c8ce18c78cb4d068) Importer(815301076,1909f56bfc062723c751e8b465ee728b)  -> (artifact id: '7ec01d7a994421ce1c732af1580f056c') in 0.018403 seconds 
  Import took 0.022452 seconds .

========================================================================
Received Import Request.
  Time since last request: 0.000204 seconds.
  path: Assets/Sprites/freeknight/png/JumpAttack (9).png
  artifactKey: Guid(648b9c08437d75c48b998f212f9db493) Importer(815301076,1909f56bfc062723c751e8b465ee728b)
Start importing Assets/Sprites/freeknight/png/JumpAttack (9).png using Guid(648b9c08437d75c48b998f212f9db493) Importer(815301076,1909f56bfc062723c751e8b465ee728b)  -> (artifact id: 'a5d605b0d9c38622fb587af56e14441d') in 0.019657 seconds 
  Import took 0.023528 seconds .

========================================================================
Received Import Request.
  Time since last request: 0.000230 seconds.
  path: Assets/Sprites/freeknight/png/Dead (9).png
  artifactKey: Guid(dc7f1dea4ccb4d347bf6d280dffe3e16) Importer(815301076,1909f56bfc062723c751e8b465ee728b)
Start importing Assets/Sprites/freeknight/png/Dead (9).png using Guid(dc7f1dea4ccb4d347bf6d280dffe3e16) Importer(815301076,1909f56bfc062723c751e8b465ee728b)  -> (artifact id: '832793f6bed65bf588863d0eaef74c29') in 0.019370 seconds 
  Import took 0.023515 seconds .

========================================================================
Received Import Request.
  Time since last request: 0.000237 seconds.
  path: Assets/Sprites/freeknight/png/Dead (3).png
  artifactKey: Guid(841780c1e2fc51f41bcbeeac0083ac22) Importer(815301076,1909f56bfc062723c751e8b465ee728b)
Start importing Assets/Sprites/freeknight/png/Dead (3).png using Guid(841780c1e2fc51f41bcbeeac0083ac22) Importer(815301076,1909f56bfc062723c751e8b465ee728b)  -> (artifact id: 'bc4ba4f364ac78da5377521fcab11acd') in 0.019726 seconds 
  Import took 0.024290 seconds .

========================================================================
Received Import Request.
  Time since last request: 0.000212 seconds.
  path: Assets/Sprites/freeknight/png/Jump (7).png
  artifactKey: Guid(837c9c4d9e792d74b87aac2b94e46985) Importer(815301076,1909f56bfc062723c751e8b465ee728b)
Start importing Assets/Sprites/freeknight/png/Jump (7).png using Guid(837c9c4d9e792d74b87aac2b94e46985) Importer(815301076,1909f56bfc062723c751e8b465ee728b)  -> (artifact id: 'e05d4f18608348f3186145de5405176b') in 0.020583 seconds 
  Import took 0.024492 seconds .

========================================================================
Received Import Request.
  Time since last request: 0.000251 seconds.
  path: Assets/Sprites/freeknight/png/Jump (1).png
  artifactKey: Guid(89fe175447f07184aa487282b27fb2f8) Importer(815301076,1909f56bfc062723c751e8b465ee728b)
Start importing Assets/Sprites/freeknight/png/Jump (1).png using Guid(89fe175447f07184aa487282b27fb2f8) Importer(815301076,1909f56bfc062723c751e8b465ee728b)  -> (artifact id: '5dbc2111acc833cf1ccbcf0667d38ffd') in 0.018687 seconds 
  Import took 0.022864 seconds .

========================================================================
Received Import Request.
  Time since last request: 0.000277 seconds.
  path: Assets/Sprites/freeknight/png/JumpAttack (6).png
  artifactKey: Guid(d67f5124036c58b4d9336ed5b14e7ea4) Importer(815301076,1909f56bfc062723c751e8b465ee728b)
Start importing Assets/Sprites/freeknight/png/JumpAttack (6).png using Guid(d67f5124036c58b4d9336ed5b14e7ea4) Importer(815301076,1909f56bfc062723c751e8b465ee728b)  -> (artifact id: '1c25c69a67566fef79b7e990c29c604c') in 0.018617 seconds 
  Import took 0.022844 seconds .

========================================================================
Received Import Request.
  Time since last request: 0.000257 seconds.
  path: Assets/Sprites/freeknight/png/Jump (9).png
  artifactKey: Guid(fa04fb168b95d58489c7291349213cc8) Importer(815301076,1909f56bfc062723c751e8b465ee728b)
Start importing Assets/Sprites/freeknight/png/Jump (9).png using Guid(fa04fb168b95d58489c7291349213cc8) Importer(815301076,1909f56bfc062723c751e8b465ee728b)  -> (artifact id: '0354fe50b20e8d5ee6950b2b7105ea74') in 0.017331 seconds 
  Import took 0.021025 seconds .

========================================================================
Received Import Request.
  Time since last request: 0.000227 seconds.
  path: Assets/Sprites/freeknight/png/Idle (2).png
  artifactKey: Guid(c69a72f374df59741baa607556c5d9b8) Importer(815301076,1909f56bfc062723c751e8b465ee728b)
Start importing Assets/Sprites/freeknight/png/Idle (2).png using Guid(c69a72f374df59741baa607556c5d9b8) Importer(815301076,1909f56bfc062723c751e8b465ee728b)  -> (artifact id: 'a9915029b532790078a1a2c60832c132') in 0.021227 seconds 
  Import took 0.025428 seconds .

========================================================================
Received Import Request.
  Time since last request: 0.000241 seconds.
  path: Assets/Sprites/freeknight/png/JumpAttack (8).png
  artifactKey: Guid(4aec48b7beca3824a81e2dbf499f0358) Importer(815301076,1909f56bfc062723c751e8b465ee728b)
Start importing Assets/Sprites/freeknight/png/JumpAttack (8).png using Guid(4aec48b7beca3824a81e2dbf499f0358) Importer(815301076,1909f56bfc062723c751e8b465ee728b)  -> (artifact id: 'a7e152de9c294081a61c6812f9eb9a90') in 0.019276 seconds 
  Import took 0.024017 seconds .

========================================================================
Received Import Request.
  Time since last request: 0.000212 seconds.
  path: Assets/Sprites/freeknight/png/Idle (10).png
  artifactKey: Guid(52f30fb7e54835a41896caf2cd0332de) Importer(815301076,1909f56bfc062723c751e8b465ee728b)
Start importing Assets/Sprites/freeknight/png/Idle (10).png using Guid(52f30fb7e54835a41896caf2cd0332de) Importer(815301076,1909f56bfc062723c751e8b465ee728b)  -> (artifact id: '83045889d1d7748535c2b0647ef53f7a') in 0.019801 seconds 
  Import took 0.023356 seconds .

========================================================================
Received Import Request.
  Time since last request: 0.000207 seconds.
  path: Assets/Sprites/freeknight/png/Dead (8).png
  artifactKey: Guid(fcb4470435b4c9d4ebb69a3737d41785) Importer(815301076,1909f56bfc062723c751e8b465ee728b)
Start importing Assets/Sprites/freeknight/png/Dead (8).png using Guid(fcb4470435b4c9d4ebb69a3737d41785) Importer(815301076,1909f56bfc062723c751e8b465ee728b)  -> (artifact id: '8e56eda9dece8cd88378eac384de06d5') in 0.018305 seconds 
  Import took 0.022228 seconds .

========================================================================
Received Import Request.
  Time since last request: 0.000277 seconds.
  path: Assets/Sprites/freeknight/png/Jump (6).png
  artifactKey: Guid(42299692dfbd6ed4b9972027c94e8a00) Importer(815301076,1909f56bfc062723c751e8b465ee728b)
Start importing Assets/Sprites/freeknight/png/Jump (6).png using Guid(42299692dfbd6ed4b9972027c94e8a00) Importer(815301076,1909f56bfc062723c751e8b465ee728b)  -> (artifact id: '1eebb379e0193df92e95a330e30b8166') in 0.017523 seconds 
  Import took 0.021375 seconds .

========================================================================
Received Import Request.
  Time since last request: 0.000376 seconds.
  path: Assets/Sprites/freeknight/png/Dead (1).png
  artifactKey: Guid(c22d22778e8ee6d4e9e23e941dc4ebcb) Importer(815301076,1909f56bfc062723c751e8b465ee728b)
Start importing Assets/Sprites/freeknight/png/Dead (1).png using Guid(c22d22778e8ee6d4e9e23e941dc4ebcb) Importer(815301076,1909f56bfc062723c751e8b465ee728b)  -> (artifact id: 'c9832e1571c0726fd5dc64452fcf62d5') in 0.019002 seconds 
  Import took 0.023601 seconds .

========================================================================
Received Import Request.
  Time since last request: 0.000214 seconds.
  path: Assets/Sprites/freeknight/png/Attack (4).png
  artifactKey: Guid(eac0f162638684a498e1e0321bd1b426) Importer(815301076,1909f56bfc062723c751e8b465ee728b)
Start importing Assets/Sprites/freeknight/png/Attack (4).png using Guid(eac0f162638684a498e1e0321bd1b426) Importer(815301076,1909f56bfc062723c751e8b465ee728b)  -> (artifact id: '6545efc5c8ed6f5d388325b37df0e6f5') in 0.019159 seconds 
  Import took 0.023090 seconds .

========================================================================
Received Import Request.
  Time since last request: 0.000209 seconds.
  path: Assets/Sprites/freeknight/png/JumpAttack (5).png
  artifactKey: Guid(efe45079e12f36a42bbec95e802b85a7) Importer(815301076,1909f56bfc062723c751e8b465ee728b)
Start importing Assets/Sprites/freeknight/png/JumpAttack (5).png using Guid(efe45079e12f36a42bbec95e802b85a7) Importer(815301076,1909f56bfc062723c751e8b465ee728b)  -> (artifact id: '7d3700ace2939421d994d8996fa49421') in 0.019813 seconds 
  Import took 0.024888 seconds .

========================================================================
Received Import Request.
  Time since last request: 0.000238 seconds.
  path: Assets/Sprites/freeknight/png/Dead (5).png
  artifactKey: Guid(9c6b7bf62ad48a24cac0f165657e5ef8) Importer(815301076,1909f56bfc062723c751e8b465ee728b)
Start importing Assets/Sprites/freeknight/png/Dead (5).png using Guid(9c6b7bf62ad48a24cac0f165657e5ef8) Importer(815301076,1909f56bfc062723c751e8b465ee728b)  -> (artifact id: 'ea58c2170db2d5aca091db375237fcce') in 0.018106 seconds 
  Import took 0.021722 seconds .

========================================================================
Received Import Request.
  Time since last request: 0.000249 seconds.
  path: Assets/Sprites/freeknight/png/Dead (7).png
  artifactKey: Guid(784611390efcad74db5ac725d13c55a4) Importer(815301076,1909f56bfc062723c751e8b465ee728b)
Start importing Assets/Sprites/freeknight/png/Dead (7).png using Guid(784611390efcad74db5ac725d13c55a4) Importer(815301076,1909f56bfc062723c751e8b465ee728b)  -> (artifact id: '49162d23e7f4aa9ef06425d332d4bb23') in 0.018017 seconds 
  Import took 0.022037 seconds .

========================================================================
Received Import Request.
  Time since last request: 0.000256 seconds.
  path: Assets/Sprites/freeknight/png/Idle (6).png
  artifactKey: Guid(1b0ceb2c033b0bc4faeeed519014460c) Importer(815301076,1909f56bfc062723c751e8b465ee728b)
Start importing Assets/Sprites/freeknight/png/Idle (6).png using Guid(1b0ceb2c033b0bc4faeeed519014460c) Importer(815301076,1909f56bfc062723c751e8b465ee728b)  -> (artifact id: '57864ee93f363b7f2b10d57389048ea2') in 0.019084 seconds 
  Import took 0.023902 seconds .

========================================================================
Received Import Request.
  Time since last request: 0.000232 seconds.
  path: Assets/Sprites/freeknight/png/Jump (2).png
  artifactKey: Guid(255e508ab8c976145826e98782ddb084) Importer(815301076,1909f56bfc062723c751e8b465ee728b)
Start importing Assets/Sprites/freeknight/png/Jump (2).png using Guid(255e508ab8c976145826e98782ddb084) Importer(815301076,1909f56bfc062723c751e8b465ee728b)  -> (artifact id: '08dfd39eea266d7694f13553864fc9f4') in 0.019206 seconds 
  Import took 0.022960 seconds .

========================================================================
Received Import Request.
  Time since last request: 1.903141 seconds.
  path: Assets/Sprites/freeknight/png/JumpAttack (10).png
  artifactKey: Guid(1413a3d99d626b147a9ca7c62685eedc) Importer(815301076,1909f56bfc062723c751e8b465ee728b)
Start importing Assets/Sprites/freeknight/png/JumpAttack (10).png using Guid(1413a3d99d626b147a9ca7c62685eedc) Importer(815301076,1909f56bfc062723c751e8b465ee728b)  -> (artifact id: 'db30dff813afa24f47a3dd33c9e00264') in 0.018890 seconds 
  Import took 0.023217 seconds .

========================================================================
Received Import Request.
  Time since last request: 0.000356 seconds.
  path: Assets/Sprites/freeknight/png/Run (10).png
  artifactKey: Guid(b9854de4d5e9ba64bae7972f01f394b6) Importer(815301076,1909f56bfc062723c751e8b465ee728b)
Start importing Assets/Sprites/freeknight/png/Run (10).png using Guid(b9854de4d5e9ba64bae7972f01f394b6) Importer(815301076,1909f56bfc062723c751e8b465ee728b)  -> (artifact id: 'd29fed9f2cdbabe77bb1d2d2f14a70e1') in 0.021266 seconds 
  Import took 0.024916 seconds .

========================================================================
Received Import Request.
  Time since last request: 0.000467 seconds.
  path: Assets/Sprites/freeknight/png/Run (6).png
  artifactKey: Guid(507e5fd74f3304a43b4eceb77eb0f577) Importer(815301076,1909f56bfc062723c751e8b465ee728b)
Start importing Assets/Sprites/freeknight/png/Run (6).png using Guid(507e5fd74f3304a43b4eceb77eb0f577) Importer(815301076,1909f56bfc062723c751e8b465ee728b)  -> (artifact id: 'c340b09a6ac69610a785e07c1bfac261') in 0.022177 seconds 
  Import took 0.028157 seconds .

========================================================================
Received Import Request.
  Time since last request: 0.000481 seconds.
  path: Assets/Sprites/freeknight/png/Run (1).png
  artifactKey: Guid(abcda922eeb09f247bf304d9056393d4) Importer(815301076,1909f56bfc062723c751e8b465ee728b)
Start importing Assets/Sprites/freeknight/png/Run (1).png using Guid(abcda922eeb09f247bf304d9056393d4) Importer(815301076,1909f56bfc062723c751e8b465ee728b)  -> (artifact id: 'e342ce1b4dba5a585c1585c301b8680a') in 0.021839 seconds 
  Import took 0.026254 seconds .

========================================================================
Received Import Request.
  Time since last request: 0.000264 seconds.
  path: Assets/Sprites/freeknight/png/Run (3).png
  artifactKey: Guid(93ae1dba08c9a4040844f71c983e1170) Importer(815301076,1909f56bfc062723c751e8b465ee728b)
Start importing Assets/Sprites/freeknight/png/Run (3).png using Guid(93ae1dba08c9a4040844f71c983e1170) Importer(815301076,1909f56bfc062723c751e8b465ee728b)  -> (artifact id: '4f788e3c548b1a0824529f20e1d59250') in 0.022620 seconds 
  Import took 0.027615 seconds .

========================================================================
Received Import Request.
  Time since last request: 0.000412 seconds.
  path: Assets/Sprites/freeknight/png/Run (5).png
  artifactKey: Guid(8fa42848db1a69b4ba95875b22d72e94) Importer(815301076,1909f56bfc062723c751e8b465ee728b)
Start importing Assets/Sprites/freeknight/png/Run (5).png using Guid(8fa42848db1a69b4ba95875b22d72e94) Importer(815301076,1909f56bfc062723c751e8b465ee728b)  -> (artifact id: '84b93ee72a9f5a2bff44a36fe3461206') in 0.020167 seconds 
  Import took 0.024871 seconds .

========================================================================
Received Import Request.
  Time since last request: 0.000290 seconds.
  path: Assets/Sprites/freeknight/png/Run (9).png
  artifactKey: Guid(216c2a794cf095b4cb2a9c4ea0f970d1) Importer(815301076,1909f56bfc062723c751e8b465ee728b)
Start importing Assets/Sprites/freeknight/png/Run (9).png using Guid(216c2a794cf095b4cb2a9c4ea0f970d1) Importer(815301076,1909f56bfc062723c751e8b465ee728b)  -> (artifact id: '8a1aa96507c5fcdc259ed62c887a1043') in 0.022007 seconds 
  Import took 0.027005 seconds .

========================================================================
Received Import Request.
  Time since last request: 0.000247 seconds.
  path: Assets/Sprites/freeknight/png/Run (8).png
  artifactKey: Guid(7c34abcfce07fd54bbc289ac25f0d220) Importer(815301076,1909f56bfc062723c751e8b465ee728b)
Start importing Assets/Sprites/freeknight/png/Run (8).png using Guid(7c34abcfce07fd54bbc289ac25f0d220) Importer(815301076,1909f56bfc062723c751e8b465ee728b)  -> (artifact id: 'ed45cb4b6279411c0f3fef2026d97b3d') in 0.021533 seconds 
  Import took 0.025751 seconds .

========================================================================
Received Import Request.
  Time since last request: 0.000320 seconds.
  path: Assets/Sprites/freeknight/png/Run (2).png
  artifactKey: Guid(e65bdca51d124094095083d39a04d0a2) Importer(815301076,1909f56bfc062723c751e8b465ee728b)
Start importing Assets/Sprites/freeknight/png/Run (2).png using Guid(e65bdca51d124094095083d39a04d0a2) Importer(815301076,1909f56bfc062723c751e8b465ee728b)  -> (artifact id: 'd79ea3d4b2d2e32c2e12a312f798d9d3') in 0.023403 seconds 
  Import took 0.027607 seconds .

========================================================================
Received Import Request.
  Time since last request: 0.000358 seconds.
  path: Assets/Sprites/freeknight/png/Walk (1).png
  artifactKey: Guid(77977c2c517b82f4f86f7c66826049b5) Importer(815301076,1909f56bfc062723c751e8b465ee728b)
Start importing Assets/Sprites/freeknight/png/Walk (1).png using Guid(77977c2c517b82f4f86f7c66826049b5) Importer(815301076,1909f56bfc062723c751e8b465ee728b)  -> (artifact id: '4296a15a0a53fe37198b3a5a36bae5d6') in 0.020728 seconds 
  Import took 0.025664 seconds .

========================================================================
Received Import Request.
  Time since last request: 0.000351 seconds.
  path: Assets/Sprites/freeknight/png/Run (7).png
  artifactKey: Guid(5246da3f08fd75f4998839fc9bad5c65) Importer(815301076,1909f56bfc062723c751e8b465ee728b)
Start importing Assets/Sprites/freeknight/png/Run (7).png using Guid(5246da3f08fd75f4998839fc9bad5c65) Importer(815301076,1909f56bfc062723c751e8b465ee728b)  -> (artifact id: '3044992def7f5b1cd406fb4a14ae9f31') in 0.020382 seconds 
  Import took 0.026182 seconds .

========================================================================
Received Import Request.
  Time since last request: 0.000312 seconds.
  path: Assets/Sprites/freeknight/png/Run (4).png
  artifactKey: Guid(9b7b2b895ab18ef4aa432166ddd43c99) Importer(815301076,1909f56bfc062723c751e8b465ee728b)
Start importing Assets/Sprites/freeknight/png/Run (4).png using Guid(9b7b2b895ab18ef4aa432166ddd43c99) Importer(815301076,1909f56bfc062723c751e8b465ee728b)  -> (artifact id: 'b6edf62025056cbe67c825974b74b86c') in 0.020423 seconds 
  Import took 0.025822 seconds .

========================================================================
Received Import Request.
  Time since last request: 0.509622 seconds.
  path: Assets/Sprites/freeknight/png/Walk (2).png
  artifactKey: Guid(d151dfb8cb5ff6548bd6bd8722e98b82) Importer(815301076,1909f56bfc062723c751e8b465ee728b)
Start importing Assets/Sprites/freeknight/png/Walk (2).png using Guid(d151dfb8cb5ff6548bd6bd8722e98b82) Importer(815301076,1909f56bfc062723c751e8b465ee728b)  -> (artifact id: '297c9612e891be03ce1e723b3a057847') in 0.017936 seconds 
  Import took 0.023158 seconds .

========================================================================
Received Import Request.
  Time since last request: 0.000332 seconds.
  path: Assets/Sprites/freeknight/png/Walk (7).png
  artifactKey: Guid(96b09f76955ebb446a185f10cd006c76) Importer(815301076,1909f56bfc062723c751e8b465ee728b)
Start importing Assets/Sprites/freeknight/png/Walk (7).png using Guid(96b09f76955ebb446a185f10cd006c76) Importer(815301076,1909f56bfc062723c751e8b465ee728b)  -> (artifact id: '3ec1eb5409213a5f2e091ec5c0242ad9') in 0.020781 seconds 
  Import took 0.024793 seconds .

========================================================================
Received Import Request.
  Time since last request: 0.000429 seconds.
  path: Assets/Sprites/freeknight/png/Walk (5).png
  artifactKey: Guid(3b1bed4ba95763941b70884a7f2379d2) Importer(815301076,1909f56bfc062723c751e8b465ee728b)
Start importing Assets/Sprites/freeknight/png/Walk (5).png using Guid(3b1bed4ba95763941b70884a7f2379d2) Importer(815301076,1909f56bfc062723c751e8b465ee728b)  -> (artifact id: 'c1bd04e3f3cfd66818fc1c040fc8d77c') in 0.023071 seconds 
  Import took 0.098348 seconds .

========================================================================
Received Import Request.
  Time since last request: 0.000626 seconds.
  path: Assets/Sprites/freeknight/png/Walk (9).png
  artifactKey: Guid(aaffa4e99dc270641b6dacf1ece52a93) Importer(815301076,1909f56bfc062723c751e8b465ee728b)
Start importing Assets/Sprites/freeknight/png/Walk (9).png using Guid(aaffa4e99dc270641b6dacf1ece52a93) Importer(815301076,1909f56bfc062723c751e8b465ee728b)  -> (artifact id: 'b27a802fe505a525d410e3f6fd2052b6') in 0.026436 seconds 
  Import took 0.032213 seconds .

========================================================================
Received Import Request.
  Time since last request: 0.000323 seconds.
  path: Assets/Sprites/freeknight/png/Walk (10).png
  artifactKey: Guid(5b59ae44befef804999260327a24d042) Importer(815301076,1909f56bfc062723c751e8b465ee728b)
Start importing Assets/Sprites/freeknight/png/Walk (10).png using Guid(5b59ae44befef804999260327a24d042) Importer(815301076,1909f56bfc062723c751e8b465ee728b)  -> (artifact id: '4b335d6b1d341e50ef6fd33c5f5e0698') in 0.021852 seconds 
  Import took 0.027009 seconds .

========================================================================
Received Import Request.
  Time since last request: 0.000346 seconds.
  path: Assets/Sprites/freeknight/png/Walk (6).png
  artifactKey: Guid(b0fa053bf0c10e548b0e792bf11be72e) Importer(815301076,1909f56bfc062723c751e8b465ee728b)
Start importing Assets/Sprites/freeknight/png/Walk (6).png using Guid(b0fa053bf0c10e548b0e792bf11be72e) Importer(815301076,1909f56bfc062723c751e8b465ee728b)  -> (artifact id: '01acdec387cd27d8d221dc2a491ed0d0') in 0.022456 seconds 
  Import took 0.026627 seconds .

========================================================================
Received Import Request.
  Time since last request: 0.000340 seconds.
  path: Assets/Sprites/freeknight/png/Walk (3).png
  artifactKey: Guid(a553e993d63a0f345af1c1064609e06e) Importer(815301076,1909f56bfc062723c751e8b465ee728b)
Start importing Assets/Sprites/freeknight/png/Walk (3).png using Guid(a553e993d63a0f345af1c1064609e06e) Importer(815301076,1909f56bfc062723c751e8b465ee728b)  -> (artifact id: 'd590af6f1a95f65038c090ba4bf2e8d5') in 0.023242 seconds 
  Import took 0.028387 seconds .

========================================================================
Received Import Request.
  Time since last request: 0.000314 seconds.
  path: Assets/Sprites/freeknight/png/Walk (4).png
  artifactKey: Guid(56e51c3ccdc024d4cb5f082dc2d7f2cf) Importer(815301076,1909f56bfc062723c751e8b465ee728b)
Start importing Assets/Sprites/freeknight/png/Walk (4).png using Guid(56e51c3ccdc024d4cb5f082dc2d7f2cf) Importer(815301076,1909f56bfc062723c751e8b465ee728b)  -> (artifact id: 'bfd0f0a78b0716b7921460fb79f5a868') in 0.021150 seconds 
  Import took 0.026188 seconds .

========================================================================
Received Import Request.
  Time since last request: 0.000322 seconds.
  path: Assets/Sprites/freeknight/png/Walk (8).png
  artifactKey: Guid(12359d81c16d0ed4bb4af6e27a24ce49) Importer(815301076,1909f56bfc062723c751e8b465ee728b)
Start importing Assets/Sprites/freeknight/png/Walk (8).png using Guid(12359d81c16d0ed4bb4af6e27a24ce49) Importer(815301076,1909f56bfc062723c751e8b465ee728b)  -> (artifact id: '1fac4b4f15cdf13ececfab691acd5acd') in 0.021807 seconds 
  Import took 0.025755 seconds .

========================================================================
Received Import Request.
  Time since last request: 378.261494 seconds.
  path: Assets/Animations/FreeKnight
  artifactKey: Guid(528d60e90b23951419fd931589203fcf) Importer(815301076,1909f56bfc062723c751e8b465ee728b)
Start importing Assets/Animations/FreeKnight using Guid(528d60e90b23951419fd931589203fcf) Importer(815301076,1909f56bfc062723c751e8b465ee728b)  -> (artifact id: '63944756dfb6ed4ceb4731e40b59944d') in 0.009154 seconds 
  Import took 0.013495 seconds .

========================================================================
Received Import Request.
  Time since last request: 1.832812 seconds.
  path: Assets/Animations/FreeKnight/Idle (1).controller
  artifactKey: Guid(af729485efe975f459e115908f692367) Importer(815301076,1909f56bfc062723c751e8b465ee728b)
Start importing Assets/Animations/FreeKnight/Idle (1).controller using Guid(af729485efe975f459e115908f692367) Importer(815301076,1909f56bfc062723c751e8b465ee728b)  -> (artifact id: '81aed9b8e093758b9e286b9a24a2a755') in 0.013081 seconds 
  Import took 0.017958 seconds .

========================================================================
Received Import Request.
  Time since last request: 12.386913 seconds.
  path: Assets/Animations/FreeKnight/FreeKnightController.controller
  artifactKey: Guid(af729485efe975f459e115908f692367) Importer(815301076,1909f56bfc062723c751e8b465ee728b)
Start importing Assets/Animations/FreeKnight/FreeKnightController.controller using Guid(af729485efe975f459e115908f692367) Importer(815301076,1909f56bfc062723c751e8b465ee728b)  -> (artifact id: '7b14b099d5cfe33cd0f84e802899dd60') in 0.012009 seconds 
  Import took 0.016521 seconds .

========================================================================
Received Import Request.
  Time since last request: 30.909185 seconds.
  path: Assets/Animations/FreeKnight/Caminar.anim
  artifactKey: Guid(ee72ffb816bd31647806f5a27a0a32a2) Importer(815301076,1909f56bfc062723c751e8b465ee728b)
Start importing Assets/Animations/FreeKnight/Caminar.anim using Guid(ee72ffb816bd31647806f5a27a0a32a2) Importer(815301076,1909f56bfc062723c751e8b465ee728b)  -> (artifact id: 'a797d0fdb9ea0d0df77052bc15df7001') in 0.010977 seconds 
  Import took 0.014857 seconds .

========================================================================
Received Import Request.
  Time since last request: 18.288082 seconds.
  path: Assets/Animations/FreeKnight/Correr.anim
  artifactKey: Guid(c334f083920019d4fb490a88de556f6a) Importer(815301076,1909f56bfc062723c751e8b465ee728b)
Start importing Assets/Animations/FreeKnight/Correr.anim using Guid(c334f083920019d4fb490a88de556f6a) Importer(815301076,1909f56bfc062723c751e8b465ee728b)  -> (artifact id: '5224daad93661e4586e5c0f58fc65ee5') in 0.008192 seconds 
  Import took 0.012799 seconds .

========================================================================
Received Import Request.
  Time since last request: 15.160845 seconds.
  path: Assets/Animations/FreeKnight/Saltar.anim
  artifactKey: Guid(ad219cb637207e64d818708481332a10) Importer(815301076,1909f56bfc062723c751e8b465ee728b)
Start importing Assets/Animations/FreeKnight/Saltar.anim using Guid(ad219cb637207e64d818708481332a10) Importer(815301076,1909f56bfc062723c751e8b465ee728b)  -> (artifact id: '2bd4a3660c728833376ef027956fe4a3') in 0.008260 seconds 
  Import took 0.013426 seconds .

========================================================================
Received Import Request.
  Time since last request: 0.000472 seconds.
  path: Assets/Animations/FreeKnight/Saltar.anim
  artifactKey: Guid(ad219cb637207e64d818708481332a10) Importer(815301076,1909f56bfc062723c751e8b465ee728b)
Start importing Assets/Animations/FreeKnight/Saltar.anim using Guid(ad219cb637207e64d818708481332a10) Importer(815301076,1909f56bfc062723c751e8b465ee728b)  -> (artifact id: '2bd4a3660c728833376ef027956fe4a3') in 0.004427 seconds 
  Import took 0.008975 seconds .

========================================================================
Received Import Request.
  Time since last request: 25.104615 seconds.
  path: Assets/Animations/FreeKnight/Atacar.anim
  artifactKey: Guid(cbef576864d124440945369278217a3f) Importer(815301076,1909f56bfc062723c751e8b465ee728b)
Start importing Assets/Animations/FreeKnight/Atacar.anim using Guid(cbef576864d124440945369278217a3f) Importer(815301076,1909f56bfc062723c751e8b465ee728b)  -> (artifact id: '24822cd8a94529d7e171e9637d3ee5a9') in 0.008130 seconds 
  Import took 0.013202 seconds .

========================================================================
Received Import Request.
  Time since last request: 1.569970 seconds.
  path: Assets/Animations/FreeKnight/Quieto.anim
  artifactKey: Guid(63fbbc8bd1b12c741840e04616ec4765) Importer(815301076,1909f56bfc062723c751e8b465ee728b)
Start importing Assets/Animations/FreeKnight/Quieto.anim using Guid(63fbbc8bd1b12c741840e04616ec4765) Importer(815301076,1909f56bfc062723c751e8b465ee728b)  -> (artifact id: '2615edbcb09d368950a6c9293ac4911f') in 0.008568 seconds 
  Import took 0.012923 seconds .

========================================================================
Received Import Request.
  Time since last request: 0.003055 seconds.
  path: Assets/Animations/FreeKnight/Quieto.anim
  artifactKey: Guid(63fbbc8bd1b12c741840e04616ec4765) Importer(815301076,1909f56bfc062723c751e8b465ee728b)
Start importing Assets/Animations/FreeKnight/Quieto.anim using Guid(63fbbc8bd1b12c741840e04616ec4765) Importer(815301076,1909f56bfc062723c751e8b465ee728b)  -> (artifact id: '2615edbcb09d368950a6c9293ac4911f') in 0.003773 seconds 
  Import took 0.008926 seconds .

========================================================================
Received Import Request.
  Time since last request: 82.033097 seconds.
  path: Assets/Sprites/freeknight/dragonbones/library/Head1.png
  artifactKey: Guid(beac1749fbf10e044b90e81d00e56d96) Importer(815301076,1909f56bfc062723c751e8b465ee728b)
Start importing Assets/Sprites/freeknight/dragonbones/library/Head1.png using Guid(beac1749fbf10e044b90e81d00e56d96) Importer(815301076,1909f56bfc062723c751e8b465ee728b)  -> (artifact id: '5bc2bbc181f3a71182f5a3ebcfcdd8a7') in 0.029982 seconds 
  Import took 0.034332 seconds .

========================================================================
Received Import Request.
  Time since last request: 0.000395 seconds.
  path: Assets/Sprites/freeknight/dragonbones/library/Head2.png
  artifactKey: Guid(80b0b5f01d222c94588fb4bd8701d11a) Importer(815301076,1909f56bfc062723c751e8b465ee728b)
Start importing Assets/Sprites/freeknight/dragonbones/library/Head2.png using Guid(80b0b5f01d222c94588fb4bd8701d11a) Importer(815301076,1909f56bfc062723c751e8b465ee728b)  -> (artifact id: '0ffeca8c691643cc28e4c22b77206185') in 0.021069 seconds 
  Import took 0.025609 seconds .

========================================================================
Received Import Request.
  Time since last request: 0.000369 seconds.
  path: Assets/Sprites/freeknight/dragonbones/library/Head1.png
  artifactKey: Guid(beac1749fbf10e044b90e81d00e56d96) Importer(815301076,1909f56bfc062723c751e8b465ee728b)
Start importing Assets/Sprites/freeknight/dragonbones/library/Head1.png using Guid(beac1749fbf10e044b90e81d00e56d96) Importer(815301076,1909f56bfc062723c751e8b465ee728b)  -> (artifact id: '5bc2bbc181f3a71182f5a3ebcfcdd8a7') in 0.020925 seconds 
  Import took 0.027128 seconds .

========================================================================
Received Import Request.
  Time since last request: 0.000337 seconds.
  path: Assets/Sprites/freeknight/dragonbones/library/Head2.png
  artifactKey: Guid(80b0b5f01d222c94588fb4bd8701d11a) Importer(815301076,1909f56bfc062723c751e8b465ee728b)
Start importing Assets/Sprites/freeknight/dragonbones/library/Head2.png using Guid(80b0b5f01d222c94588fb4bd8701d11a) Importer(815301076,1909f56bfc062723c751e8b465ee728b)  -> (artifact id: '0ffeca8c691643cc28e4c22b77206185') in 0.017593 seconds 
  Import took 0.021759 seconds .

========================================================================
Received Import Request.
  Time since last request: 10.757355 seconds.
  path: Assets/Sprites/freeknight/dragonbones/library/Shield.png
  artifactKey: Guid(35c4149dbf2ab7a4c96a213691a0036e) Importer(815301076,1909f56bfc062723c751e8b465ee728b)
Start importing Assets/Sprites/freeknight/dragonbones/library/Shield.png using Guid(35c4149dbf2ab7a4c96a213691a0036e) Importer(815301076,1909f56bfc062723c751e8b465ee728b)  -> (artifact id: '0049eec449d4dfc46b022970e1e5bdd2') in 0.021703 seconds 
  Import took 0.124494 seconds .

========================================================================
Received Import Request.
  Time since last request: 0.008348 seconds.
  path: Assets/Sprites/freeknight/dragonbones/library/Shield.png
  artifactKey: Guid(35c4149dbf2ab7a4c96a213691a0036e) Importer(815301076,1909f56bfc062723c751e8b465ee728b)
Start importing Assets/Sprites/freeknight/dragonbones/library/Shield.png using Guid(35c4149dbf2ab7a4c96a213691a0036e) Importer(815301076,1909f56bfc062723c751e8b465ee728b)  -> (artifact id: '0049eec449d4dfc46b022970e1e5bdd2') in 0.021928 seconds 
  Import took 0.027371 seconds .

========================================================================
Received Import Request.
  Time since last request: 81.111882 seconds.
  path: Assets/Sprites/freeknight/dragonbones/library/RightHand (2).png
  artifactKey: Guid(a3d140a38450cc6428e3ae6c0f335acd) Importer(815301076,1909f56bfc062723c751e8b465ee728b)
Start importing Assets/Sprites/freeknight/dragonbones/library/RightHand (2).png using Guid(a3d140a38450cc6428e3ae6c0f335acd) Importer(815301076,1909f56bfc062723c751e8b465ee728b)  -> (artifact id: '78f79ed44ed2e293233955cd78d5e51b') in 0.023582 seconds 
  Import took 0.027703 seconds .

========================================================================
Received Import Request.
  Time since last request: 0.000354 seconds.
  path: Assets/Sprites/freeknight/dragonbones/library/RightHand (3).png
  artifactKey: Guid(e27b011252425274ca3543f55d4e16bb) Importer(815301076,1909f56bfc062723c751e8b465ee728b)
Start importing Assets/Sprites/freeknight/dragonbones/library/RightHand (3).png using Guid(e27b011252425274ca3543f55d4e16bb) Importer(815301076,1909f56bfc062723c751e8b465ee728b)  -> (artifact id: 'fcb576be58ec0eea367af726f86db8a1') in 0.021335 seconds 
  Import took 0.024836 seconds .

========================================================================
Received Import Request.
  Time since last request: 0.000331 seconds.
  path: Assets/Sprites/freeknight/dragonbones/library/RightHand (2).png
  artifactKey: Guid(a3d140a38450cc6428e3ae6c0f335acd) Importer(815301076,1909f56bfc062723c751e8b465ee728b)
Start importing Assets/Sprites/freeknight/dragonbones/library/RightHand (2).png using Guid(a3d140a38450cc6428e3ae6c0f335acd) Importer(815301076,1909f56bfc062723c751e8b465ee728b)  -> (artifact id: '78f79ed44ed2e293233955cd78d5e51b') in 0.021359 seconds 
  Import took 0.026481 seconds .

========================================================================
Received Import Request.
  Time since last request: 0.000395 seconds.
  path: Assets/Sprites/freeknight/dragonbones/library/RightHand (3).png
  artifactKey: Guid(e27b011252425274ca3543f55d4e16bb) Importer(815301076,1909f56bfc062723c751e8b465ee728b)
Start importing Assets/Sprites/freeknight/dragonbones/library/RightHand (3).png using Guid(e27b011252425274ca3543f55d4e16bb) Importer(815301076,1909f56bfc062723c751e8b465ee728b)  -> (artifact id: 'fcb576be58ec0eea367af726f86db8a1') in 0.016528 seconds 
  Import took 0.022118 seconds .

========================================================================
Received Import Request.
  Time since last request: 142.916286 seconds.
  path: Assets/Sprites/freeknight/dragonbones/library/Body.png
  artifactKey: Guid(0a77ae8454bcdb44eb35fd5299fe7d57) Importer(815301076,1909f56bfc062723c751e8b465ee728b)
Start importing Assets/Sprites/freeknight/dragonbones/library/Body.png using Guid(0a77ae8454bcdb44eb35fd5299fe7d57) Importer(815301076,1909f56bfc062723c751e8b465ee728b)  -> (artifact id: '20e1e473ec929d1aac904b07f9f3ce10') in 0.024945 seconds 
  Import took 0.029494 seconds .

========================================================================
Received Import Request.
  Time since last request: 0.004233 seconds.
  path: Assets/Sprites/freeknight/dragonbones/library/Body.png
  artifactKey: Guid(0a77ae8454bcdb44eb35fd5299fe7d57) Importer(815301076,1909f56bfc062723c751e8b465ee728b)
Start importing Assets/Sprites/freeknight/dragonbones/library/Body.png using Guid(0a77ae8454bcdb44eb35fd5299fe7d57) Importer(815301076,1909f56bfc062723c751e8b465ee728b)  -> (artifact id: '20e1e473ec929d1aac904b07f9f3ce10') in 0.019513 seconds 
  Import took 0.025307 seconds .

========================================================================
Received Import Request.
  Time since last request: 1067.472759 seconds.
  path: Assets/Animations/FreeKnight/Quieto.anim
  artifactKey: Guid(63fbbc8bd1b12c741840e04616ec4765) Importer(815301076,1909f56bfc062723c751e8b465ee728b)
Start importing Assets/Animations/FreeKnight/Quieto.anim using Guid(63fbbc8bd1b12c741840e04616ec4765) Importer(815301076,1909f56bfc062723c751e8b465ee728b)  -> (artifact id: '9894a932c9105222a778bd77a5cc057c') in 0.005570 seconds 
  Import took 0.011628 seconds .

========================================================================
Received Import Request.
  Time since last request: 4.821738 seconds.
  path: Assets/Animations/FreeKnight/FreeKnightController.controller
  artifactKey: Guid(af729485efe975f459e115908f692367) Importer(815301076,1909f56bfc062723c751e8b465ee728b)
Start importing Assets/Animations/FreeKnight/FreeKnightController.controller using Guid(af729485efe975f459e115908f692367) Importer(815301076,1909f56bfc062723c751e8b465ee728b)  -> (artifact id: '09bf9ef04651e147d758a849c6894559') in 0.006928 seconds 
  Import took 0.011087 seconds .

========================================================================
Received Prepare
Registering precompiled user dll's ...
Registered in 0.004602 seconds.
Begin MonoManager ReloadAssembly
Native extension for WindowsStandalone target not found
Refreshing native plugins compatible for Editor in 0.57 ms, found 3 plugins.
Preloading 0 native plugins for Editor in 0.00 ms.
Mono: successfully reloaded assembly
- Completed reload, in  1.326 seconds
Domain Reload Profiling:
	ReloadAssembly (1326ms)
		BeginReloadAssembly (151ms)
			ExecutionOrderSort (0ms)
			DisableScriptedObjects (8ms)
			BackupInstance (0ms)
			ReleaseScriptingObjects (0ms)
			CreateAndSetChildDomain (52ms)
		EndReloadAssembly (1101ms)
			LoadAssemblies (114ms)
			RebuildTransferFunctionScriptingTraits (0ms)
			SetupTypeCache (359ms)
			ReleaseScriptCaches (1ms)
			RebuildScriptCaches (66ms)
			SetupLoadedEditorAssemblies (438ms)
				LogAssemblyErrors (0ms)
				InitializePlatformSupportModulesInManaged (6ms)
				SetLoadedEditorAssemblies (0ms)
				RefreshPlugins (1ms)
				BeforeProcessingInitializeOnLoad (111ms)
				ProcessInitializeOnLoadAttributes (304ms)
				ProcessInitializeOnLoadMethodAttributes (7ms)
				AfterProcessingInitializeOnLoad (8ms)
				EditorAssembliesLoaded (0ms)
			ExecutionOrderSort2 (0ms)
			AwakeInstancesAfterBackupRestoration (13ms)
Platform modules already initialized, skipping
Refreshing native plugins compatible for Editor in 0.51 ms, found 3 plugins.
Preloading 0 native plugins for Editor in 0.00 ms.
Unloading 2081 Unused Serialized files (Serialized files now loaded: 0)
System memory in use before: 96.5 MB.
System memory in use after: 96.6 MB.

Unloading 16 unused Assets to reduce memory usage. Loaded Objects now: 2549.
Total: 3.377700 ms (FindLiveObjects: 0.216300 ms CreateObjectMapping: 0.082400 ms MarkObjects: 3.035700 ms  DeleteObjects: 0.041900 ms)

AssetImportParameters requested are different than current active one (requested -> active):
  custom:framework-win-MediaFoundation: 216162199b28c13a410421893ffa2e32 -> 
  custom:video-decoder-ogg-theora: a1e56fd34408186e4bbccfd4996cb3dc -> 
  custom:container-muxer-webm: aa71ff27fc2769a1b78a27578f13a17b -> 
  custom:container-demuxer-webm: 4f35f7cbe854078d1ac9338744f61a02 -> 
  custom:container-demuxer-ogg: 62fdf1f143b41e24485cea50d1cbac27 -> 
  custom:video-encoder-webm-vp8: eb34c28f22e8b96e1ab97ce403110664 -> 
  custom:video-decoder-webm-vp8: 9c59270c3fd7afecdb556c50c9e8de78 -> 
  custom:audio-decoder-ogg-vorbis: bf7c407c2cedff20999df2af8eb42d56 -> 
  custom:audio-encoder-webm-vorbis: bf7c407c2cedff20999df2af8eb42d56 -> 
========================================================================
Received Prepare
Registering precompiled user dll's ...
Registered in 0.004352 seconds.
Begin MonoManager ReloadAssembly
Native extension for WindowsStandalone target not found
Refreshing native plugins compatible for Editor in 0.47 ms, found 3 plugins.
Preloading 0 native plugins for Editor in 0.00 ms.
Mono: successfully reloaded assembly
- Completed reload, in  1.285 seconds
Domain Reload Profiling:
	ReloadAssembly (1286ms)
		BeginReloadAssembly (129ms)
			ExecutionOrderSort (0ms)
			DisableScriptedObjects (7ms)
			BackupInstance (0ms)
			ReleaseScriptingObjects (0ms)
			CreateAndSetChildDomain (39ms)
		EndReloadAssembly (1078ms)
			LoadAssemblies (103ms)
			RebuildTransferFunctionScriptingTraits (0ms)
			SetupTypeCache (335ms)
			ReleaseScriptCaches (1ms)
			RebuildScriptCaches (61ms)
			SetupLoadedEditorAssemblies (446ms)
				LogAssemblyErrors (0ms)
				InitializePlatformSupportModulesInManaged (6ms)
				SetLoadedEditorAssemblies (1ms)
				RefreshPlugins (1ms)
				BeforeProcessingInitializeOnLoad (112ms)
				ProcessInitializeOnLoadAttributes (311ms)
				ProcessInitializeOnLoadMethodAttributes (7ms)
				AfterProcessingInitializeOnLoad (9ms)
				EditorAssembliesLoaded (0ms)
			ExecutionOrderSort2 (0ms)
			AwakeInstancesAfterBackupRestoration (13ms)
Platform modules already initialized, skipping
Refreshing native plugins compatible for Editor in 0.49 ms, found 3 plugins.
Preloading 0 native plugins for Editor in 0.00 ms.
Unloading 2081 Unused Serialized files (Serialized files now loaded: 0)
System memory in use before: 96.5 MB.
System memory in use after: 96.7 MB.

Unloading 16 unused Assets to reduce memory usage. Loaded Objects now: 2552.
Total: 3.664400 ms (FindLiveObjects: 0.201000 ms CreateObjectMapping: 0.089100 ms MarkObjects: 3.333100 ms  DeleteObjects: 0.039900 ms)

AssetImportParameters requested are different than current active one (requested -> active):
  custom:framework-win-MediaFoundation: 216162199b28c13a410421893ffa2e32 -> 
  custom:video-decoder-ogg-theora: a1e56fd34408186e4bbccfd4996cb3dc -> 
  custom:container-muxer-webm: aa71ff27fc2769a1b78a27578f13a17b -> 
  custom:container-demuxer-webm: 4f35f7cbe854078d1ac9338744f61a02 -> 
  custom:container-demuxer-ogg: 62fdf1f143b41e24485cea50d1cbac27 -> 
  custom:video-encoder-webm-vp8: eb34c28f22e8b96e1ab97ce403110664 -> 
  custom:video-decoder-webm-vp8: 9c59270c3fd7afecdb556c50c9e8de78 -> 
  custom:audio-decoder-ogg-vorbis: bf7c407c2cedff20999df2af8eb42d56 -> 
  custom:audio-encoder-webm-vorbis: bf7c407c2cedff20999df2af8eb42d56 -> 
========================================================================
Received Prepare
Registering precompiled user dll's ...
Registered in 0.004358 seconds.
Begin MonoManager ReloadAssembly
Native extension for WindowsStandalone target not found
Refreshing native plugins compatible for Editor in 0.54 ms, found 3 plugins.
Preloading 0 native plugins for Editor in 0.00 ms.
Mono: successfully reloaded assembly
- Completed reload, in  1.298 seconds
Domain Reload Profiling:
	ReloadAssembly (1299ms)
		BeginReloadAssembly (147ms)
			ExecutionOrderSort (0ms)
			DisableScriptedObjects (7ms)
			BackupInstance (0ms)
			ReleaseScriptingObjects (0ms)
			CreateAndSetChildDomain (38ms)
		EndReloadAssembly (1078ms)
			LoadAssemblies (125ms)
			RebuildTransferFunctionScriptingTraits (0ms)
			SetupTypeCache (338ms)
			ReleaseScriptCaches (1ms)
			RebuildScriptCaches (68ms)
			SetupLoadedEditorAssemblies (440ms)
				LogAssemblyErrors (0ms)
				InitializePlatformSupportModulesInManaged (6ms)
				SetLoadedEditorAssemblies (0ms)
				RefreshPlugins (1ms)
				BeforeProcessingInitializeOnLoad (112ms)
				ProcessInitializeOnLoadAttributes (306ms)
				ProcessInitializeOnLoadMethodAttributes (6ms)
				AfterProcessingInitializeOnLoad (9ms)
				EditorAssembliesLoaded (0ms)
			ExecutionOrderSort2 (0ms)
			AwakeInstancesAfterBackupRestoration (13ms)
Platform modules already initialized, skipping
Refreshing native plugins compatible for Editor in 0.60 ms, found 3 plugins.
Preloading 0 native plugins for Editor in 0.00 ms.
Unloading 2081 Unused Serialized files (Serialized files now loaded: 0)
System memory in use before: 96.6 MB.
System memory in use after: 96.7 MB.

Unloading 16 unused Assets to reduce memory usage. Loaded Objects now: 2555.
Total: 3.779600 ms (FindLiveObjects: 0.240000 ms CreateObjectMapping: 0.085400 ms MarkObjects: 3.397900 ms  DeleteObjects: 0.055000 ms)

AssetImportParameters requested are different than current active one (requested -> active):
  custom:framework-win-MediaFoundation: 216162199b28c13a410421893ffa2e32 -> 
  custom:video-decoder-ogg-theora: a1e56fd34408186e4bbccfd4996cb3dc -> 
  custom:container-muxer-webm: aa71ff27fc2769a1b78a27578f13a17b -> 
  custom:container-demuxer-webm: 4f35f7cbe854078d1ac9338744f61a02 -> 
  custom:container-demuxer-ogg: 62fdf1f143b41e24485cea50d1cbac27 -> 
  custom:video-encoder-webm-vp8: eb34c28f22e8b96e1ab97ce403110664 -> 
  custom:video-decoder-webm-vp8: 9c59270c3fd7afecdb556c50c9e8de78 -> 
  custom:audio-decoder-ogg-vorbis: bf7c407c2cedff20999df2af8eb42d56 -> 
  custom:audio-encoder-webm-vorbis: bf7c407c2cedff20999df2af8eb42d56 -> 
========================================================================
Received Prepare
Registering precompiled user dll's ...
Registered in 0.005211 seconds.
Begin MonoManager ReloadAssembly
Native extension for WindowsStandalone target not found
Refreshing native plugins compatible for Editor in 0.48 ms, found 3 plugins.
Preloading 0 native plugins for Editor in 0.00 ms.
Mono: successfully reloaded assembly
- Completed reload, in  1.362 seconds
Domain Reload Profiling:
	ReloadAssembly (1363ms)
		BeginReloadAssembly (134ms)
			ExecutionOrderSort (0ms)
			DisableScriptedObjects (7ms)
			BackupInstance (0ms)
			ReleaseScriptingObjects (0ms)
			CreateAndSetChildDomain (40ms)
		EndReloadAssembly (1148ms)
			LoadAssemblies (117ms)
			RebuildTransferFunctionScriptingTraits (0ms)
			SetupTypeCache (394ms)
			ReleaseScriptCaches (1ms)
			RebuildScriptCaches (53ms)
			SetupLoadedEditorAssemblies (464ms)
				LogAssemblyErrors (0ms)
				InitializePlatformSupportModulesInManaged (6ms)
				SetLoadedEditorAssemblies (0ms)
				RefreshPlugins (1ms)
				BeforeProcessingInitializeOnLoad (127ms)
				ProcessInitializeOnLoadAttributes (315ms)
				ProcessInitializeOnLoadMethodAttributes (7ms)
				AfterProcessingInitializeOnLoad (8ms)
				EditorAssembliesLoaded (0ms)
			ExecutionOrderSort2 (0ms)
			AwakeInstancesAfterBackupRestoration (12ms)
Platform modules already initialized, skipping
Refreshing native plugins compatible for Editor in 0.55 ms, found 3 plugins.
Preloading 0 native plugins for Editor in 0.00 ms.
Unloading 2081 Unused Serialized files (Serialized files now loaded: 0)
System memory in use before: 96.6 MB.
System memory in use after: 96.7 MB.

Unloading 16 unused Assets to reduce memory usage. Loaded Objects now: 2558.
Total: 3.897200 ms (FindLiveObjects: 0.203700 ms CreateObjectMapping: 0.069600 ms MarkObjects: 3.601200 ms  DeleteObjects: 0.021500 ms)

AssetImportParameters requested are different than current active one (requested -> active):
  custom:framework-win-MediaFoundation: 216162199b28c13a410421893ffa2e32 -> 
  custom:video-decoder-ogg-theora: a1e56fd34408186e4bbccfd4996cb3dc -> 
  custom:container-muxer-webm: aa71ff27fc2769a1b78a27578f13a17b -> 
  custom:container-demuxer-webm: 4f35f7cbe854078d1ac9338744f61a02 -> 
  custom:container-demuxer-ogg: 62fdf1f143b41e24485cea50d1cbac27 -> 
  custom:video-encoder-webm-vp8: eb34c28f22e8b96e1ab97ce403110664 -> 
  custom:video-decoder-webm-vp8: 9c59270c3fd7afecdb556c50c9e8de78 -> 
  custom:audio-decoder-ogg-vorbis: bf7c407c2cedff20999df2af8eb42d56 -> 
  custom:audio-encoder-webm-vorbis: bf7c407c2cedff20999df2af8eb42d56 -> 
========================================================================
Received Prepare
Registering precompiled user dll's ...
Registered in 0.004560 seconds.
Begin MonoManager ReloadAssembly
Native extension for WindowsStandalone target not found
Refreshing native plugins compatible for Editor in 0.48 ms, found 3 plugins.
Preloading 0 native plugins for Editor in 0.00 ms.
Mono: successfully reloaded assembly
- Completed reload, in  1.456 seconds
Domain Reload Profiling:
	ReloadAssembly (1457ms)
		BeginReloadAssembly (145ms)
			ExecutionOrderSort (0ms)
			DisableScriptedObjects (8ms)
			BackupInstance (0ms)
			ReleaseScriptingObjects (0ms)
			CreateAndSetChildDomain (46ms)
		EndReloadAssembly (1223ms)
			LoadAssemblies (121ms)
			RebuildTransferFunctionScriptingTraits (0ms)
			SetupTypeCache (387ms)
			ReleaseScriptCaches (1ms)
			RebuildScriptCaches (69ms)
			SetupLoadedEditorAssemblies (509ms)
				LogAssemblyErrors (0ms)
				InitializePlatformSupportModulesInManaged (7ms)
				SetLoadedEditorAssemblies (1ms)
				RefreshPlugins (1ms)
				BeforeProcessingInitializeOnLoad (129ms)
				ProcessInitializeOnLoadAttributes (356ms)
				ProcessInitializeOnLoadMethodAttributes (7ms)
				AfterProcessingInitializeOnLoad (9ms)
				EditorAssembliesLoaded (0ms)
			ExecutionOrderSort2 (0ms)
			AwakeInstancesAfterBackupRestoration (13ms)
Platform modules already initialized, skipping
Refreshing native plugins compatible for Editor in 0.50 ms, found 3 plugins.
Preloading 0 native plugins for Editor in 0.00 ms.
Unloading 2082 Unused Serialized files (Serialized files now loaded: 0)
System memory in use before: 96.6 MB.
System memory in use after: 96.7 MB.

Unloading 16 unused Assets to reduce memory usage. Loaded Objects now: 2562.
Total: 3.537000 ms (FindLiveObjects: 0.204600 ms CreateObjectMapping: 0.078500 ms MarkObjects: 3.190200 ms  DeleteObjects: 0.062400 ms)

AssetImportParameters requested are different than current active one (requested -> active):
  custom:framework-win-MediaFoundation: 216162199b28c13a410421893ffa2e32 -> 
  custom:video-decoder-ogg-theora: a1e56fd34408186e4bbccfd4996cb3dc -> 
  custom:container-muxer-webm: aa71ff27fc2769a1b78a27578f13a17b -> 
  custom:container-demuxer-webm: 4f35f7cbe854078d1ac9338744f61a02 -> 
  custom:container-demuxer-ogg: 62fdf1f143b41e24485cea50d1cbac27 -> 
  custom:video-encoder-webm-vp8: eb34c28f22e8b96e1ab97ce403110664 -> 
  custom:video-decoder-webm-vp8: 9c59270c3fd7afecdb556c50c9e8de78 -> 
  custom:audio-decoder-ogg-vorbis: bf7c407c2cedff20999df2af8eb42d56 -> 
  custom:audio-encoder-webm-vorbis: bf7c407c2cedff20999df2af8eb42d56 -> 
========================================================================
Received Import Request.
  Time since last request: 395.833463 seconds.
  path: Assets/Scripts/FreeKnightController.cs
  artifactKey: Guid(318e4142aa726cd4fab51628c7c66a3f) Importer(815301076,1909f56bfc062723c751e8b465ee728b)
Start importing Assets/Scripts/FreeKnightController.cs using Guid(318e4142aa726cd4fab51628c7c66a3f) Importer(815301076,1909f56bfc062723c751e8b465ee728b)  -> (artifact id: '3d16a26214b6622bc0f9d0a93e62cc58') in 0.009149 seconds 
  Import took 0.015020 seconds .

========================================================================
Received Prepare
Registering precompiled user dll's ...
Registered in 0.004090 seconds.
Begin MonoManager ReloadAssembly
Native extension for WindowsStandalone target not found
Refreshing native plugins compatible for Editor in 0.47 ms, found 3 plugins.
Preloading 0 native plugins for Editor in 0.00 ms.
Mono: successfully reloaded assembly
- Completed reload, in  1.300 seconds
Domain Reload Profiling:
	ReloadAssembly (1300ms)
		BeginReloadAssembly (143ms)
			ExecutionOrderSort (0ms)
			DisableScriptedObjects (8ms)
			BackupInstance (0ms)
			ReleaseScriptingObjects (0ms)
			CreateAndSetChildDomain (42ms)
		EndReloadAssembly (1078ms)
			LoadAssemblies (112ms)
			RebuildTransferFunctionScriptingTraits (0ms)
			SetupTypeCache (350ms)
			ReleaseScriptCaches (1ms)
			RebuildScriptCaches (49ms)
			SetupLoadedEditorAssemblies (452ms)
				LogAssemblyErrors (0ms)
				InitializePlatformSupportModulesInManaged (6ms)
				SetLoadedEditorAssemblies (0ms)
				RefreshPlugins (1ms)
				BeforeProcessingInitializeOnLoad (112ms)
				ProcessInitializeOnLoadAttributes (317ms)
				ProcessInitializeOnLoadMethodAttributes (7ms)
				AfterProcessingInitializeOnLoad (8ms)
				EditorAssembliesLoaded (0ms)
			ExecutionOrderSort2 (0ms)
			AwakeInstancesAfterBackupRestoration (14ms)
Platform modules already initialized, skipping
Refreshing native plugins compatible for Editor in 0.46 ms, found 3 plugins.
Preloading 0 native plugins for Editor in 0.00 ms.
Unloading 2082 Unused Serialized files (Serialized files now loaded: 0)
System memory in use before: 96.6 MB.
System memory in use after: 96.8 MB.

Unloading 16 unused Assets to reduce memory usage. Loaded Objects now: 2565.
Total: 3.857400 ms (FindLiveObjects: 0.199800 ms CreateObjectMapping: 0.071400 ms MarkObjects: 3.566400 ms  DeleteObjects: 0.018400 ms)

AssetImportParameters requested are different than current active one (requested -> active):
  custom:framework-win-MediaFoundation: 216162199b28c13a410421893ffa2e32 -> 
  custom:video-decoder-ogg-theora: a1e56fd34408186e4bbccfd4996cb3dc -> 
  custom:container-muxer-webm: aa71ff27fc2769a1b78a27578f13a17b -> 
  custom:container-demuxer-webm: 4f35f7cbe854078d1ac9338744f61a02 -> 
  custom:container-demuxer-ogg: 62fdf1f143b41e24485cea50d1cbac27 -> 
  custom:video-encoder-webm-vp8: eb34c28f22e8b96e1ab97ce403110664 -> 
  custom:video-decoder-webm-vp8: 9c59270c3fd7afecdb556c50c9e8de78 -> 
  custom:audio-decoder-ogg-vorbis: bf7c407c2cedff20999df2af8eb42d56 -> 
  custom:audio-encoder-webm-vorbis: bf7c407c2cedff20999df2af8eb42d56 -> 
